GROUP,PACKAGE,CLASS,INSTRUCTION_MISSED,INSTRUCTION_COVERED,BRANCH_MISSED,BRANCH_COVERED,LINE_MISSED,LINE_COVERED,COMPLEXITY_MISSED,COMPLEXITY_COVERED,METHOD_MISSED,METHOD_COVERED
office-api,com.axity.office,Application,5,3,0,0,2,1,1,1,1,1
office-api,com.axity.office.handler,ValidationExceptionHandler,33,3,0,0,5,1,2,1,2,1
office-api,com.axity.office.controller,UserController,13,70,1,1,3,16,2,8,1,8
office-api,com.axity.office.controller,OfficeController,13,70,1,1,3,16,2,8,1,8
office-api,com.axity.office.controller,CountryController,13,70,1,1,3,16,2,8,1,8
office-api,com.axity.office.controller,TerritoryController,13,70,1,1,3,16,2,8,1,8
office-api,com.axity.office.controller,HomeController,15,3,0,0,4,1,1,1,1,1
office-api,com.axity.office.controller,RoleController,13,70,1,1,3,16,2,8,1,8
